<?xml version="1.0" encoding="UTF-8"?>
<!-- Generated by org.testng.reporters.JUnitReportReporter -->
<testsuite skipped="1" hostname="BINDU" name="com.ranford.functionalities.TestExecution" tests="5" failures="0" timestamp="02 Sep 2018 10:01:24 GMT" time="23.253" errors="0">
  <testcase name="verify_launch" time="13.296" classname="com.ranford.functionalities.TestExecution"/>
  <testcase name="verify_login" time="3.541" classname="com.ranford.functionalities.TestExecution"/>
  <testcase name="CreateNewBranch" time="4.905" classname="com.ranford.functionalities.TestExecution"/>
  <testcase name="verify_logout" time="1.511" classname="com.ranford.functionalities.TestExecution"/>
  <testcase name="verifyCreateNewBranch" classname="com.ranford.functionalities.TestExecution">
    <skipped/>
  </testcase> <!-- verifyCreateNewBranch -->
</testsuite> <!-- com.ranford.functionalities.TestExecution -->
